\BOOKMARK [0][-]{chapter.1}{\376\377\116\000\116\233\220\032\165\050\166\204\145\160\133\146\151\202\137\365\124\214\213\260\123\367}{}% 1
\BOOKMARK [1][-]{section.1.1}{\376\377\220\073\217\221\173\046\123\367}{chapter.1}% 2
\BOOKMARK [0][-]{chapter.2}{\376\377\116\000\201\364\145\066\145\133\140\047\060\001\121\375\145\160\230\171\176\247\145\160\116\016\121\375\145\160\145\317\166\204\127\372\147\054\217\320\173\227}{}% 3
\BOOKMARK [1][-]{section.2.1}{\376\377\220\020\160\271\145\066\145\133\140\047\124\214\116\000\201\364\145\066\145\133\140\047}{chapter.2}% 4
\BOOKMARK [2][-]{subsection.2.1.1}{\376\377\220\020\160\271\145\066\145\133\140\047}{section.2.1}% 5
\BOOKMARK [0][-]{chapter.3}{\376\377\226\104\137\125}{}% 6
\BOOKMARK [1][-]{section.3.1}{\376\377\133\236\145\160\166\204\173\111\116\367\133\232\116\111}{chapter.3}% 7
\BOOKMARK [2][-]{subsection.3.1.1}{\376\377\000P\000e\000a\000n\000o\121\154\164\006\377\014\201\352\161\066\145\160\226\306}{section.3.1}% 8
\BOOKMARK [2][-]{subsection.3.1.2}{\376\377\145\164\145\160\226\306}{section.3.1}% 9
\BOOKMARK [2][-]{subsection.3.1.3}{\376\377\147\011\164\006\145\160\226\306}{section.3.1}% 10
\BOOKMARK [2][-]{subsection.3.1.4}{\376\377\142\064\137\267\221\321\122\006\122\162}{section.3.1}% 11
\BOOKMARK [2][-]{subsection.3.1.5}{\376\377\147\357\211\177\136\217\122\027}{section.3.1}% 12
\BOOKMARK [1][-]{section.3.2}{\376\377\122\277\166\204\153\324\217\203\377\014\166\256\116\232\213\372\146\362\176\277}{chapter.3}% 13
\BOOKMARK [2][-]{subsection.3.2.1}{\376\377\176\246\133\232\166\204\213\260\123\367}{section.3.2}% 14
\BOOKMARK [2][-]{subsection.3.2.2}{\376\377\122\277\166\204\153\324\217\203}{section.3.2}% 15
\BOOKMARK [2][-]{subsection.3.2.3}{\376\377\166\256\116\232\213\372\146\362\176\277}{section.3.2}% 16
\BOOKMARK [1][-]{section.3.3}{\376\377\117\057\122\252\122\051\145\160\116\016\153\047\142\311\145\160}{chapter.3}% 17
\BOOKMARK [2][-]{subsection.3.3.1}{\376\377\117\057\122\252\122\051\145\160}{section.3.3}% 18
\BOOKMARK [2][-]{subsection.3.3.2}{\376\377\153\047\142\311\145\160}{section.3.3}% 19
\BOOKMARK [1][-]{section.3.4}{\376\377\153\047\142\311\000-\236\246\121\113\122\263\147\227\121\154\137\017}{chapter.3}% 20
\BOOKMARK [2][-]{subsection.3.4.1}{\376\377\117\057\122\252\122\051\131\032\230\171\137\017}{section.3.4}% 21
\BOOKMARK [1][-]{section.3.5}{\376\377\121\166\116\326\126\333\171\315\116\011\211\322\121\375\145\160\166\204\154\360\122\322\000/\155\033\147\027\134\125\137\000}{chapter.3}% 22
\BOOKMARK [2][-]{subsection.3.5.1}{\376\377\000x}{section.3.5}% 23
\BOOKMARK [2][-]{subsection.3.5.2}{\376\377\000x}{section.3.5}% 24
\BOOKMARK [1][-]{section.3.6}{\376\377\123\237\121\375\145\160\122\035\173\111\140\047\166\204\122\044\133\232\145\271\154\325}{chapter.3}% 25
\BOOKMARK [2][-]{subsection.3.6.1}{\376\377\122\007\153\324\226\352\131\053\133\232\164\006}{section.3.6}% 26
\BOOKMARK [2][-]{subsection.3.6.2}{\376\377\122\030\176\364\134\024\133\232\164\006}{section.3.6}% 27
\BOOKMARK [1][-]{section.3.7}{\376\377\116\000\116\233\215\205\215\212\171\357\122\006\166\204\162\171\153\212\211\343\154\325}{chapter.3}% 28
\BOOKMARK [2][-]{subsection.3.7.1}{\376\377\000D\000i\000r\000e\000c\000h\000l\000e\000t\171\357\122\006}{section.3.7}% 29
